<testsuites id="" name="" tests="1" failures="1" skipped="0" errors="0" time="13.058281000000001">
<testsuite name="login.spec.ts" timestamp="2025-10-04T22:55:39.108Z" hostname="chromium" tests="1" failures="1" skipped="0" time="11.159" errors="0">
<testcase name="Login Functionality (Story 1.4) › should display login form with all required fields" classname="login.spec.ts" time="11.159">
<failure message="login.spec.ts:21:7 should display login form with all required fields" type="FAILURE">
<![CDATA[  [chromium] › login.spec.ts:21:7 › Login Functionality (Story 1.4) › should display login form with all required fields 

    Error: expect(page).toHaveTitle(expected) failed

    Expected pattern: /Login|Sign In/i
    Received string:  "UknfPlatformUi"
    Timeout: 10000ms

    Call log:
      - Expect "toHaveTitle" with timeout 10000ms
        14 × unexpected value "UknfPlatformUi"


      21 |   test('should display login form with all required fields', async ({ page }) => {
      22 |     // Verify page title
    > 23 |     await expect(page).toHaveTitle(/Login|Sign In/i);
         |                        ^
      24 |
      25 |     // Verify form fields are present
      26 |     await expect(page.locator('input[name="email"]')).toBeVisible();
        at /Users/stanislaustankevich/projects/hackyeah/tests/e2e/specs/login.spec.ts:23:24

    attachment #1: screenshot (image/png) ──────────────────────────────────────────────────────────
    ../test-results/login-Login-Functionality--c1caa-rm-with-all-required-fields-chromium/test-failed-1.png
    ────────────────────────────────────────────────────────────────────────────────────────────────

    attachment #2: video (video/webm) ──────────────────────────────────────────────────────────────
    ../test-results/login-Login-Functionality--c1caa-rm-with-all-required-fields-chromium/video.webm
    ────────────────────────────────────────────────────────────────────────────────────────────────

    Error Context: ../test-results/login-Login-Functionality--c1caa-rm-with-all-required-fields-chromium/error-context.md
]]>
</failure>
<system-out>
<![CDATA[
[[ATTACHMENT|login-Login-Functionality--c1caa-rm-with-all-required-fields-chromium/test-failed-1.png]]

[[ATTACHMENT|login-Login-Functionality--c1caa-rm-with-all-required-fields-chromium/video.webm]]

[[ATTACHMENT|login-Login-Functionality--c1caa-rm-with-all-required-fields-chromium/error-context.md]]
]]>
</system-out>
</testcase>
</testsuite>
</testsuites>